<?xml version="1.0" encoding="UTF-8"?>
<testng-results skipped="0" failed="0" ignored="0" total="1" passed="1">
  <reporter-output>
  </reporter-output>
  <suite name="Default suite" duration-ms="3891" started-at="2021-10-19T19:09:17 CDT" finished-at="2021-10-19T19:09:21 CDT">
    <groups>
    </groups>
    <test name="Default test" duration-ms="3891" started-at="2021-10-19T19:09:17 CDT" finished-at="2021-10-19T19:09:21 CDT">
      <class name="testNG_Test.Test_2">
        <test-method status="PASS" signature="init()[pri:0, instance:testNG_Test.Test_2@52feb982]" name="init" is-config="true" duration-ms="2276" started-at="2021-10-19T19:09:17 CDT" finished-at="2021-10-19T19:09:19 CDT">
          <reporter-output>
          </reporter-output>
        </test-method> <!-- init -->
        <test-method status="PASS" signature="addNoDuplicateCategory()[pri:0, instance:testNG_Test.Test_2@52feb982]" name="addNoDuplicateCategory" duration-ms="966" started-at="2021-10-19T19:09:19 CDT" finished-at="2021-10-19T19:09:20 CDT">
          <reporter-output>
          </reporter-output>
        </test-method> <!-- addNoDuplicateCategory -->
        <test-method status="PASS" signature="tearDown()[pri:0, instance:testNG_Test.Test_2@52feb982]" name="tearDown" is-config="true" duration-ms="625" started-at="2021-10-19T19:09:20 CDT" finished-at="2021-10-19T19:09:21 CDT">
          <reporter-output>
          </reporter-output>
        </test-method> <!-- tearDown -->
      </class> <!-- testNG_Test.Test_2 -->
    </test> <!-- Default test -->
  </suite> <!-- Default suite -->
</testng-results>
